{
  "RSpec": {
    "coverage": {
      "/Users/yaskemp/Desktop/MyCode/wiki-code-test/spec/app_spec.rb": [
        1,
        null,
        1,
        1,
        null,
        4,
        null,
        1,
        1,
        1,
        1,
        null,
        1,
        1,
        1,
        null,
        null,
        1,
        1,
        1,
        1,
        null,
        null,
        null
      ],
      "/Users/yaskemp/Desktop/MyCode/wiki-code-test/spec/title_spec.rb": [
        1,
        1,
        null,
        1,
        1,
        1,
        2,
        null,
        null,
        1,
        1,
        1,
        1,
        null,
        null,
        1,
        1,
        1,
        1,
        null,
        null,
        null
      ],
      "/Users/yaskemp/Desktop/MyCode/wiki-code-test/spec/database_helper.rb": [
        1,
        null,
        1,
        1,
        null
      ]
    },
    "timestamp": 1581513593
  }
}
